# JRE version: Java(TM) SE Runtime Environment (24.0+36) (build 24+36-3646)
# Java VM: Java HotSpot(TM) 64-Bit Server VM (24+36-3646, mixed mode, sharing, tiered, compressed oops, compressed class ptrs, g1 gc, windows-amd64)
GC Precious Log:
 CardTable entry size: 512
 Card Set container configuration: InlinePtr #cards 5 size 8 Array Of Cards #cards 10 size 36 Howl #buckets 4 coarsen threshold 1843 Howl Bitmap #cards 512 size 80 coarsen threshold 460 Card regions per heap region 1 cards per card region 2048
 CPUs: 4 total, 4 available
 Memory: 8079M
 Large Page Support: Disabled
 NUMA Support: Disabled
 Compressed Oops: Enabled (32-bit)
 Heap Region Size: 1M
 Heap Min Capacity: 8M
 Heap Initial Capacity: 128M
 Heap Max Capacity: 2020M
 Pre-touch: Disabled
 Parallel Workers: 4
 Concurrent Workers: 1
 Concurrent Refinement Workers: 4
 Periodic GC: Disabled
Heap:
 garbage-first heap   total reserved 2068480K, committed 192512K, used 74967K [0x0000000081c00000, 0x0000000100000000)
  region size 1024K, 24 young (24576K), 5 survivors (5120K)
 Metaspace       used 27882K, committed 28288K, reserved 1114112K
  class space    used 2655K, committed 2816K, reserved 1048576K
GC Heap History (18 events):
Event: 2.849 GC heap before
{Heap before GC invocations=0 (full 0):
 garbage-first heap   total reserved 2068480K, committed 133120K, used 29812K [0x0000000081c00000, 0x0000000100000000)
  region size 1024K, 28 young (28672K), 0 survivors (0K)
 Metaspace       used 6922K, committed 7104K, reserved 1114112K
  class space    used 610K, committed 704K, reserved 1048576K
}
Event: 2.859 GC heap after
{Heap after GC invocations=1 (full 0):
 garbage-first heap   total reserved 2068480K, committed 133120K, used 4895K [0x0000000081c00000, 0x0000000100000000)
  region size 1024K, 4 young (4096K), 4 survivors (4096K)
 Metaspace       used 6922K, committed 7104K, reserved 1114112K
  class space    used 610K, committed 704K, reserved 1048576K
}
Event: 5.641 GC heap before
{Heap before GC invocations=1 (full 0):
 garbage-first heap   total reserved 2068480K, committed 133120K, used 60191K [0x0000000081c00000, 0x0000000100000000)
  region size 1024K, 58 young (59392K), 4 survivors (4096K)
 Metaspace       used 15542K, committed 15808K, reserved 1114112K
  class space    used 1496K, committed 1600K, reserved 1048576K
}
Event: 5.659 GC heap after
{Heap after GC invocations=2 (full 0):
 garbage-first heap   total reserved 2068480K, committed 133120K, used 9564K [0x0000000081c00000, 0x0000000100000000)
  region size 1024K, 8 young (8192K), 8 survivors (8192K)
 Metaspace       used 15542K, committed 15808K, reserved 1114112K
  class space    used 1496K, committed 1600K, reserved 1048576K
}
Event: 7.495 GC heap before
{Heap before GC invocations=2 (full 0):
 garbage-first heap   total reserved 2068480K, committed 133120K, used 69980K [0x0000000081c00000, 0x0000000100000000)
  region size 1024K, 67 young (68608K), 8 survivors (8192K)
 Metaspace       used 16562K, committed 16832K, reserved 1114112K
  class space    used 1566K, committed 1664K, reserved 1048576K
}
Event: 7.525 GC heap after
{Heap after GC invocations=3 (full 0):
 garbage-first heap   total reserved 2068480K, committed 133120K, used 16303K [0x0000000081c00000, 0x0000000100000000)
  region size 1024K, 7 young (7168K), 7 survivors (7168K)
 Metaspace       used 16562K, committed 16832K, reserved 1114112K
  class space    used 1566K, committed 1664K, reserved 1048576K
}
Event: 10.061 GC heap before
{Heap before GC invocations=3 (full 0):
 garbage-first heap   total reserved 2068480K, committed 133120K, used 79791K [0x0000000081c00000, 0x0000000100000000)
  region size 1024K, 69 young (70656K), 7 survivors (7168K)
 Metaspace       used 18568K, committed 18944K, reserved 1114112K
  class space    used 1742K, committed 1920K, reserved 1048576K
}
Event: 10.077 GC heap after
{Heap after GC invocations=4 (full 0):
 garbage-first heap   total reserved 2068480K, committed 133120K, used 20056K [0x0000000081c00000, 0x0000000100000000)
  region size 1024K, 5 young (5120K), 5 survivors (5120K)
 Metaspace       used 18568K, committed 18944K, reserved 1114112K
  class space    used 1742K, committed 1920K, reserved 1048576K
}
Event: 10.208 GC heap before
{Heap before GC invocations=4 (full 0):
 garbage-first heap   total reserved 2068480K, committed 133120K, used 63064K [0x0000000081c00000, 0x0000000100000000)
  region size 1024K, 8 young (8192K), 5 survivors (5120K)
 Metaspace       used 18883K, committed 19264K, reserved 1114112K
  class space    used 1763K, committed 1920K, reserved 1048576K
}
Event: 10.215 GC heap after
{Heap after GC invocations=5 (full 0):
 garbage-first heap   total reserved 2068480K, committed 133120K, used 28069K [0x0000000081c00000, 0x0000000100000000)
  region size 1024K, 5 young (5120K), 5 survivors (5120K)
 Metaspace       used 18883K, committed 19264K, reserved 1114112K
  class space    used 1763K, committed 1920K, reserved 1048576K
}
Event: 10.224 GC heap before
{Heap before GC invocations=5 (full 0):
 garbage-first heap   total reserved 2068480K, committed 133120K, used 60837K [0x0000000081c00000, 0x0000000100000000)
  region size 1024K, 6 young (6144K), 5 survivors (5120K)
 Metaspace       used 18884K, committed 19264K, reserved 1114112K
  class space    used 1763K, committed 1920K, reserved 1048576K
}
Event: 10.231 GC heap after
{Heap after GC invocations=6 (full 0):
 garbage-first heap   total reserved 2068480K, committed 133120K, used 28035K [0x0000000081c00000, 0x0000000100000000)
  region size 1024K, 5 young (5120K), 5 survivors (5120K)
 Metaspace       used 18884K, committed 19264K, reserved 1114112K
  class space    used 1763K, committed 1920K, reserved 1048576K
}
Event: 11.868 GC heap before
{Heap before GC invocations=6 (full 0):
 garbage-first heap   total reserved 2068480K, committed 133120K, used 80259K [0x0000000081c00000, 0x0000000100000000)
  region size 1024K, 31 young (31744K), 5 survivors (5120K)
 Metaspace       used 21113K, committed 21504K, reserved 1114112K
  class space    used 1967K, committed 2176K, reserved 1048576K
}
Event: 11.878 GC heap after
{Heap after GC invocations=7 (full 0):
 garbage-first heap   total reserved 2068480K, committed 133120K, used 21091K [0x0000000081c00000, 0x0000000100000000)
  region size 1024K, 6 young (6144K), 6 survivors (6144K)
 Metaspace       used 21113K, committed 21504K, reserved 1114112K
  class space    used 1967K, committed 2176K, reserved 1048576K
}
Event: 14.857 GC heap before
{Heap before GC invocations=8 (full 0):
 garbage-first heap   total reserved 2068480K, committed 81920K, used 70243K [0x0000000081c00000, 0x0000000100000000)
  region size 1024K, 48 young (49152K), 6 survivors (6144K)
 Metaspace       used 27252K, committed 27648K, reserved 1114112K
  class space    used 2591K, committed 2752K, reserved 1048576K
}
Event: 14.902 GC heap after
{Heap after GC invocations=9 (full 0):
 garbage-first heap   total reserved 2068480K, committed 96256K, used 45887K [0x0000000081c00000, 0x0000000100000000)
  region size 1024K, 6 young (6144K), 6 survivors (6144K)
 Metaspace       used 27252K, committed 27648K, reserved 1114112K
  class space    used 2591K, committed 2752K, reserved 1048576K
}
Event: 16.576 GC heap before
{Heap before GC invocations=9 (full 0):
 garbage-first heap   total reserved 2068480K, committed 96256K, used 76607K [0x0000000081c00000, 0x0000000100000000)
  region size 1024K, 35 young (35840K), 6 survivors (6144K)
 Metaspace       used 27270K, committed 27648K, reserved 1114112K
  class space    used 2591K, committed 2752K, reserved 1048576K
}
Event: 16.603 GC heap after
{Heap after GC invocations=10 (full 0):
 garbage-first heap   total reserved 2068480K, committed 192512K, used 56535K [0x0000000081c00000, 0x0000000100000000)
  region size 1024K, 5 young (5120K), 5 survivors (5120K)
 Metaspace       used 27270K, committed 27648K, reserved 1114112K
  class space    used 2591K, committed 2752K, reserved 1048576K
}

