# JRE version: OpenJDK Runtime Environment Temurin-21.0.8+9 (21.0.8+9) (build 21.0.8+9-LTS)
# Java VM: OpenJDK 64-Bit Server VM Temurin-21.0.8+9 (21.0.8+9-LTS, mixed mode, sharing, tiered, compressed oops, compressed class ptrs, parallel gc, windows-amd64)
GC Precious Log:
 CardTable entry size: 512
 CPUs: 4 total, 4 available
 Memory: 8079M
 Large Page Support: Disabled
 NUMA Support: Disabled
 Compressed Oops: Enabled (32-bit)
 Alignments: Space 512K, Generation 512K, Heap 2M
 Heap Min Capacity: 100M
 Heap Initial Capacity: 100M
 Heap Max Capacity: 2G
 Pre-touch: Disabled
 Parallel Workers: 4
Heap:
 PSYoungGen      total 4608K, used 2888K [0x00000000d5580000, 0x00000000d5b00000, 0x0000000100000000)
  eden space 3584K, 63% used [0x00000000d5580000,0x00000000d57bb9f0,0x00000000d5900000)
  from space 1024K, 58% used [0x00000000d5900000,0x00000000d5996900,0x00000000d5a00000)
  to   space 1024K, 0% used [0x00000000d5a00000,0x00000000d5a00000,0x00000000d5b00000)
 ParOldGen       total 210432K, used 210024K [0x0000000080000000, 0x000000008cd80000, 0x00000000d5580000)
  object space 210432K, 99% used [0x0000000080000000,0x000000008cd1a360,0x000000008cd80000)
 Metaspace       used 68809K, committed 70528K, reserved 1114112K
  class space    used 7266K, committed 8064K, reserved 1048576K
GC Heap History (20 events):
Event: 40.638 GC heap before
{Heap before GC invocations=191 (full 3):
 PSYoungGen      total 4096K, used 4085K [0x00000000d5580000, 0x00000000d5c00000, 0x0000000100000000)
  eden space 3584K, 100% used [0x00000000d5580000,0x00000000d5900000,0x00000000d5900000)
  from space 512K, 97% used [0x00000000d5a00000,0x00000000d5a7d6f8,0x00000000d5a80000)
  to   space 1536K, 0% used [0x00000000d5a80000,0x00000000d5a80000,0x00000000d5c00000)
 ParOldGen       total 206848K, used 206590K [0x0000000080000000, 0x000000008ca00000, 0x00000000d5580000)
  object space 206848K, 99% used [0x0000000080000000,0x000000008c9bf870,0x000000008ca00000)
 Metaspace       used 67644K, committed 69312K, reserved 1114112K
  class space    used 7108K, committed 7872K, reserved 1048576K
}
Event: 40.639 GC heap after
{Heap after GC invocations=191 (full 3):
 PSYoungGen      total 4096K, used 224K [0x00000000d5580000, 0x00000000d5b00000, 0x0000000100000000)
  eden space 3584K, 0% used [0x00000000d5580000,0x00000000d5580000,0x00000000d5900000)
  from space 512K, 43% used [0x00000000d5a80000,0x00000000d5ab8000,0x00000000d5b00000)
  to   space 1024K, 0% used [0x00000000d5900000,0x00000000d5900000,0x00000000d5a00000)
 ParOldGen       total 207360K, used 206995K [0x0000000080000000, 0x000000008ca80000, 0x00000000d5580000)
  object space 207360K, 99% used [0x0000000080000000,0x000000008ca24dd0,0x000000008ca80000)
 Metaspace       used 67644K, committed 69312K, reserved 1114112K
  class space    used 7108K, committed 7872K, reserved 1048576K
}
Event: 40.917 GC heap before
{Heap before GC invocations=192 (full 3):
 PSYoungGen      total 4096K, used 3794K [0x00000000d5580000, 0x00000000d5b00000, 0x0000000100000000)
  eden space 3584K, 99% used [0x00000000d5580000,0x00000000d58fc8c0,0x00000000d5900000)
  from space 512K, 43% used [0x00000000d5a80000,0x00000000d5ab8000,0x00000000d5b00000)
  to   space 1024K, 0% used [0x00000000d5900000,0x00000000d5900000,0x00000000d5a00000)
 ParOldGen       total 207360K, used 206995K [0x0000000080000000, 0x000000008ca80000, 0x00000000d5580000)
  object space 207360K, 99% used [0x0000000080000000,0x000000008ca24dd0,0x000000008ca80000)
 Metaspace       used 68297K, committed 69952K, reserved 1114112K
  class space    used 7218K, committed 8000K, reserved 1048576K
}
Event: 40.920 GC heap after
{Heap after GC invocations=192 (full 3):
 PSYoungGen      total 4608K, used 352K [0x00000000d5580000, 0x00000000d5b00000, 0x0000000100000000)
  eden space 3584K, 0% used [0x00000000d5580000,0x00000000d5580000,0x00000000d5900000)
  from space 1024K, 34% used [0x00000000d5900000,0x00000000d5958000,0x00000000d5a00000)
  to   space 512K, 0% used [0x00000000d5a80000,0x00000000d5a80000,0x00000000d5b00000)
 ParOldGen       total 207360K, used 207152K [0x0000000080000000, 0x000000008ca80000, 0x00000000d5580000)
  object space 207360K, 99% used [0x0000000080000000,0x000000008ca4c058,0x000000008ca80000)
 Metaspace       used 68297K, committed 69952K, reserved 1114112K
  class space    used 7218K, committed 8000K, reserved 1048576K
}
Event: 41.839 GC heap before
{Heap before GC invocations=193 (full 3):
 PSYoungGen      total 4608K, used 3936K [0x00000000d5580000, 0x00000000d5b00000, 0x0000000100000000)
  eden space 3584K, 100% used [0x00000000d5580000,0x00000000d5900000,0x00000000d5900000)
  from space 1024K, 34% used [0x00000000d5900000,0x00000000d5958000,0x00000000d5a00000)
  to   space 512K, 0% used [0x00000000d5a80000,0x00000000d5a80000,0x00000000d5b00000)
 ParOldGen       total 207360K, used 207152K [0x0000000080000000, 0x000000008ca80000, 0x00000000d5580000)
  object space 207360K, 99% used [0x0000000080000000,0x000000008ca4c058,0x000000008ca80000)
 Metaspace       used 68483K, committed 70144K, reserved 1114112K
  class space    used 7239K, committed 8000K, reserved 1048576K
}
Event: 41.841 GC heap after
{Heap after GC invocations=193 (full 3):
 PSYoungGen      total 4096K, used 426K [0x00000000d5580000, 0x00000000d5b00000, 0x0000000100000000)
  eden space 3584K, 0% used [0x00000000d5580000,0x00000000d5580000,0x00000000d5900000)
  from space 512K, 83% used [0x00000000d5a80000,0x00000000d5aea910,0x00000000d5b00000)
  to   space 512K, 0% used [0x00000000d5a00000,0x00000000d5a00000,0x00000000d5a80000)
 ParOldGen       total 207872K, used 207376K [0x0000000080000000, 0x000000008cb00000, 0x00000000d5580000)
  object space 207872K, 99% used [0x0000000080000000,0x000000008ca84058,0x000000008cb00000)
 Metaspace       used 68483K, committed 70144K, reserved 1114112K
  class space    used 7239K, committed 8000K, reserved 1048576K
}
Event: 41.898 GC heap before
{Heap before GC invocations=194 (full 3):
 PSYoungGen      total 4096K, used 4010K [0x00000000d5580000, 0x00000000d5b00000, 0x0000000100000000)
  eden space 3584K, 100% used [0x00000000d5580000,0x00000000d5900000,0x00000000d5900000)
  from space 512K, 83% used [0x00000000d5a80000,0x00000000d5aea910,0x00000000d5b00000)
  to   space 512K, 0% used [0x00000000d5a00000,0x00000000d5a00000,0x00000000d5a80000)
 ParOldGen       total 207872K, used 207376K [0x0000000080000000, 0x000000008cb00000, 0x00000000d5580000)
  object space 207872K, 99% used [0x0000000080000000,0x000000008ca84058,0x000000008cb00000)
 Metaspace       used 68491K, committed 70144K, reserved 1114112K
  class space    used 7239K, committed 8000K, reserved 1048576K
}
Event: 41.900 GC heap after
{Heap after GC invocations=194 (full 3):
 PSYoungGen      total 4096K, used 352K [0x00000000d5580000, 0x00000000d5b00000, 0x0000000100000000)
  eden space 3584K, 0% used [0x00000000d5580000,0x00000000d5580000,0x00000000d5900000)
  from space 512K, 68% used [0x00000000d5a00000,0x00000000d5a58000,0x00000000d5a80000)
  to   space 512K, 0% used [0x00000000d5a80000,0x00000000d5a80000,0x00000000d5b00000)
 ParOldGen       total 207872K, used 207772K [0x0000000080000000, 0x000000008cb00000, 0x00000000d5580000)
  object space 207872K, 99% used [0x0000000080000000,0x000000008cae7268,0x000000008cb00000)
 Metaspace       used 68491K, committed 70144K, reserved 1114112K
  class space    used 7239K, committed 8000K, reserved 1048576K
}
Event: 41.954 GC heap before
{Heap before GC invocations=195 (full 3):
 PSYoungGen      total 4096K, used 3936K [0x00000000d5580000, 0x00000000d5b00000, 0x0000000100000000)
  eden space 3584K, 100% used [0x00000000d5580000,0x00000000d5900000,0x00000000d5900000)
  from space 512K, 68% used [0x00000000d5a00000,0x00000000d5a58000,0x00000000d5a80000)
  to   space 512K, 0% used [0x00000000d5a80000,0x00000000d5a80000,0x00000000d5b00000)
 ParOldGen       total 207872K, used 207772K [0x0000000080000000, 0x000000008cb00000, 0x00000000d5580000)
  object space 207872K, 99% used [0x0000000080000000,0x000000008cae7268,0x000000008cb00000)
 Metaspace       used 68504K, committed 70144K, reserved 1114112K
  class space    used 7239K, committed 8000K, reserved 1048576K
}
Event: 41.956 GC heap after
{Heap after GC invocations=195 (full 3):
 PSYoungGen      total 4096K, used 500K [0x00000000d5580000, 0x00000000d5b00000, 0x0000000100000000)
  eden space 3584K, 0% used [0x00000000d5580000,0x00000000d5580000,0x00000000d5900000)
  from space 512K, 97% used [0x00000000d5a80000,0x00000000d5afd200,0x00000000d5b00000)
  to   space 1024K, 0% used [0x00000000d5900000,0x00000000d5900000,0x00000000d5a00000)
 ParOldGen       total 208384K, used 208100K [0x0000000080000000, 0x000000008cb80000, 0x00000000d5580000)
  object space 208384K, 99% used [0x0000000080000000,0x000000008cb39268,0x000000008cb80000)
 Metaspace       used 68504K, committed 70144K, reserved 1114112K
  class space    used 7239K, committed 8000K, reserved 1048576K
}
Event: 42.008 GC heap before
{Heap before GC invocations=196 (full 3):
 PSYoungGen      total 4096K, used 4084K [0x00000000d5580000, 0x00000000d5b00000, 0x0000000100000000)
  eden space 3584K, 100% used [0x00000000d5580000,0x00000000d5900000,0x00000000d5900000)
  from space 512K, 97% used [0x00000000d5a80000,0x00000000d5afd200,0x00000000d5b00000)
  to   space 1024K, 0% used [0x00000000d5900000,0x00000000d5900000,0x00000000d5a00000)
 ParOldGen       total 208384K, used 208100K [0x0000000080000000, 0x000000008cb80000, 0x00000000d5580000)
  object space 208384K, 99% used [0x0000000080000000,0x000000008cb39268,0x000000008cb80000)
 Metaspace       used 68508K, committed 70144K, reserved 1114112K
  class space    used 7239K, committed 8000K, reserved 1048576K
}
Event: 42.011 GC heap after
{Heap after GC invocations=196 (full 3):
 PSYoungGen      total 4608K, used 256K [0x00000000d5580000, 0x00000000d5b00000, 0x0000000100000000)
  eden space 3584K, 0% used [0x00000000d5580000,0x00000000d5580000,0x00000000d5900000)
  from space 1024K, 25% used [0x00000000d5900000,0x00000000d5940000,0x00000000d5a00000)
  to   space 512K, 0% used [0x00000000d5a80000,0x00000000d5a80000,0x00000000d5b00000)
 ParOldGen       total 208896K, used 208613K [0x0000000080000000, 0x000000008cc00000, 0x00000000d5580000)
  object space 208896K, 99% used [0x0000000080000000,0x000000008cbb9488,0x000000008cc00000)
 Metaspace       used 68508K, committed 70144K, reserved 1114112K
  class space    used 7239K, committed 8000K, reserved 1048576K
}
Event: 44.116 GC heap before
{Heap before GC invocations=197 (full 3):
 PSYoungGen      total 4608K, used 3840K [0x00000000d5580000, 0x00000000d5b00000, 0x0000000100000000)
  eden space 3584K, 100% used [0x00000000d5580000,0x00000000d5900000,0x00000000d5900000)
  from space 1024K, 25% used [0x00000000d5900000,0x00000000d5940000,0x00000000d5a00000)
  to   space 512K, 0% used [0x00000000d5a80000,0x00000000d5a80000,0x00000000d5b00000)
 ParOldGen       total 208896K, used 208613K [0x0000000080000000, 0x000000008cc00000, 0x00000000d5580000)
  object space 208896K, 99% used [0x0000000080000000,0x000000008cbb9488,0x000000008cc00000)
 Metaspace       used 68650K, committed 70336K, reserved 1114112K
  class space    used 7253K, committed 8064K, reserved 1048576K
}
Event: 44.118 GC heap after
{Heap after GC invocations=197 (full 3):
 PSYoungGen      total 4096K, used 404K [0x00000000d5580000, 0x00000000d5b00000, 0x0000000100000000)
  eden space 3584K, 0% used [0x00000000d5580000,0x00000000d5580000,0x00000000d5900000)
  from space 512K, 79% used [0x00000000d5a80000,0x00000000d5ae5220,0x00000000d5b00000)
  to   space 512K, 0% used [0x00000000d5a00000,0x00000000d5a00000,0x00000000d5a80000)
 ParOldGen       total 208896K, used 208861K [0x0000000080000000, 0x000000008cc00000, 0x00000000d5580000)
  object space 208896K, 99% used [0x0000000080000000,0x000000008cbf7488,0x000000008cc00000)
 Metaspace       used 68650K, committed 70336K, reserved 1114112K
  class space    used 7253K, committed 8064K, reserved 1048576K
}
Event: 44.168 GC heap before
{Heap before GC invocations=198 (full 3):
 PSYoungGen      total 4096K, used 3988K [0x00000000d5580000, 0x00000000d5b00000, 0x0000000100000000)
  eden space 3584K, 100% used [0x00000000d5580000,0x00000000d5900000,0x00000000d5900000)
  from space 512K, 79% used [0x00000000d5a80000,0x00000000d5ae5220,0x00000000d5b00000)
  to   space 512K, 0% used [0x00000000d5a00000,0x00000000d5a00000,0x00000000d5a80000)
 ParOldGen       total 208896K, used 208861K [0x0000000080000000, 0x000000008cc00000, 0x00000000d5580000)
  object space 208896K, 99% used [0x0000000080000000,0x000000008cbf7488,0x000000008cc00000)
 Metaspace       used 68741K, committed 70400K, reserved 1114112K
  class space    used 7260K, committed 8064K, reserved 1048576K
}
Event: 44.170 GC heap after
{Heap after GC invocations=198 (full 3):
 PSYoungGen      total 4096K, used 512K [0x00000000d5580000, 0x00000000d5b00000, 0x0000000100000000)
  eden space 3584K, 0% used [0x00000000d5580000,0x00000000d5580000,0x00000000d5900000)
  from space 512K, 100% used [0x00000000d5a00000,0x00000000d5a80000,0x00000000d5a80000)
  to   space 512K, 0% used [0x00000000d5a80000,0x00000000d5a80000,0x00000000d5b00000)
 ParOldGen       total 209408K, used 209218K [0x0000000080000000, 0x000000008cc80000, 0x00000000d5580000)
  object space 209408K, 99% used [0x0000000080000000,0x000000008cc50bc8,0x000000008cc80000)
 Metaspace       used 68741K, committed 70400K, reserved 1114112K
  class space    used 7260K, committed 8064K, reserved 1048576K
}
Event: 45.926 GC heap before
{Heap before GC invocations=199 (full 3):
 PSYoungGen      total 4096K, used 4096K [0x00000000d5580000, 0x00000000d5b00000, 0x0000000100000000)
  eden space 3584K, 100% used [0x00000000d5580000,0x00000000d5900000,0x00000000d5900000)
  from space 512K, 100% used [0x00000000d5a00000,0x00000000d5a80000,0x00000000d5a80000)
  to   space 512K, 0% used [0x00000000d5a80000,0x00000000d5a80000,0x00000000d5b00000)
 ParOldGen       total 209408K, used 209218K [0x0000000080000000, 0x000000008cc80000, 0x00000000d5580000)
  object space 209408K, 99% used [0x0000000080000000,0x000000008cc50bc8,0x000000008cc80000)
 Metaspace       used 68763K, committed 70464K, reserved 1114112K
  class space    used 7262K, committed 8064K, reserved 1048576K
}
Event: 45.928 GC heap after
{Heap after GC invocations=199 (full 3):
 PSYoungGen      total 4096K, used 432K [0x00000000d5580000, 0x00000000d5b00000, 0x0000000100000000)
  eden space 3584K, 0% used [0x00000000d5580000,0x00000000d5580000,0x00000000d5900000)
  from space 512K, 84% used [0x00000000d5a80000,0x00000000d5aec010,0x00000000d5b00000)
  to   space 1024K, 0% used [0x00000000d5900000,0x00000000d5900000,0x00000000d5a00000)
 ParOldGen       total 209920K, used 209698K [0x0000000080000000, 0x000000008cd00000, 0x00000000d5580000)
  object space 209920K, 99% used [0x0000000080000000,0x000000008ccc8bc8,0x000000008cd00000)
 Metaspace       used 68763K, committed 70464K, reserved 1114112K
  class space    used 7262K, committed 8064K, reserved 1048576K
}
Event: 45.990 GC heap before
{Heap before GC invocations=200 (full 3):
 PSYoungGen      total 4096K, used 4016K [0x00000000d5580000, 0x00000000d5b00000, 0x0000000100000000)
  eden space 3584K, 100% used [0x00000000d5580000,0x00000000d5900000,0x00000000d5900000)
  from space 512K, 84% used [0x00000000d5a80000,0x00000000d5aec010,0x00000000d5b00000)
  to   space 1024K, 0% used [0x00000000d5900000,0x00000000d5900000,0x00000000d5a00000)
 ParOldGen       total 209920K, used 209698K [0x0000000080000000, 0x000000008cd00000, 0x00000000d5580000)
  object space 209920K, 99% used [0x0000000080000000,0x000000008ccc8bc8,0x000000008cd00000)
 Metaspace       used 68779K, committed 70464K, reserved 1114112K
  class space    used 7263K, committed 8064K, reserved 1048576K
}
Event: 45.991 GC heap after
{Heap after GC invocations=200 (full 3):
 PSYoungGen      total 4608K, used 602K [0x00000000d5580000, 0x00000000d5b00000, 0x0000000100000000)
  eden space 3584K, 0% used [0x00000000d5580000,0x00000000d5580000,0x00000000d5900000)
  from space 1024K, 58% used [0x00000000d5900000,0x00000000d5996900,0x00000000d5a00000)
  to   space 1024K, 0% used [0x00000000d5a00000,0x00000000d5a00000,0x00000000d5b00000)
 ParOldGen       total 210432K, used 210024K [0x0000000080000000, 0x000000008cd80000, 0x00000000d5580000)
  object space 210432K, 99% used [0x0000000080000000,0x000000008cd1a360,0x000000008cd80000)
 Metaspace       used 68779K, committed 70464K, reserved 1114112K
  class space    used 7263K, committed 8064K, reserved 1048576K
}

