# JRE version: OpenJDK Runtime Environment Temurin-21.0.8+9 (21.0.8+9) (build 21.0.8+9-LTS)
# Java VM: OpenJDK 64-Bit Server VM Temurin-21.0.8+9 (21.0.8+9-LTS, mixed mode, sharing, tiered, compressed oops, compressed class ptrs, parallel gc, windows-amd64)
GC Precious Log:
 CardTable entry size: 512
 CPUs: 4 total, 4 available
 Memory: 8079M
 Large Page Support: Disabled
 NUMA Support: Disabled
 Compressed Oops: Enabled (32-bit)
 Alignments: Space 512K, Generation 512K, Heap 2M
 Heap Min Capacity: 100M
 Heap Initial Capacity: 100M
 Heap Max Capacity: 2G
 Pre-touch: Disabled
 Parallel Workers: 4
Heap:
 PSYoungGen      total 5120K, used 4833K [0x00000000d5580000, 0x00000000d5d00000, 0x0000000100000000)
  eden space 2560K, 99% used [0x00000000d5580000,0x00000000d57ffff0,0x00000000d5800000)
  from space 2560K, 88% used [0x00000000d5800000,0x00000000d5a385a0,0x00000000d5a80000)
  to   space 2560K, 63% used [0x00000000d5a80000,0x00000000d5c15fa0,0x00000000d5d00000)
 ParOldGen       total 209408K, used 209407K [0x0000000080000000, 0x000000008cc80000, 0x00000000d5580000)
  object space 209408K, 99% used [0x0000000080000000,0x000000008cc7fc48,0x000000008cc80000)
 Metaspace       used 71311K, committed 72960K, reserved 1179648K
  class space    used 7211K, committed 7936K, reserved 1048576K
GC Heap History (20 events):
Event: 248.193 GC heap before
{Heap before GC invocations=342 (full 4):
 PSYoungGen      total 4096K, used 4016K [0x00000000d5580000, 0x00000000d5b00000, 0x0000000100000000)
  eden space 3584K, 100% used [0x00000000d5580000,0x00000000d5900000,0x00000000d5900000)
  from space 512K, 84% used [0x00000000d5a00000,0x00000000d5a6c010,0x00000000d5a80000)
  to   space 512K, 0% used [0x00000000d5a80000,0x00000000d5a80000,0x00000000d5b00000)
 ParOldGen       total 203776K, used 203511K [0x0000000080000000, 0x000000008c700000, 0x00000000d5580000)
  object space 203776K, 99% used [0x0000000080000000,0x000000008c6bde80,0x000000008c700000)
 Metaspace       used 71300K, committed 72960K, reserved 1179648K
  class space    used 7211K, committed 7936K, reserved 1048576K
}
Event: 248.194 GC heap after
{Heap after GC invocations=342 (full 4):
 PSYoungGen      total 4096K, used 384K [0x00000000d5580000, 0x00000000d5b00000, 0x0000000100000000)
  eden space 3584K, 0% used [0x00000000d5580000,0x00000000d5580000,0x00000000d5900000)
  from space 512K, 75% used [0x00000000d5a80000,0x00000000d5ae0000,0x00000000d5b00000)
  to   space 512K, 0% used [0x00000000d5a00000,0x00000000d5a00000,0x00000000d5a80000)
 ParOldGen       total 204288K, used 203847K [0x0000000080000000, 0x000000008c780000, 0x00000000d5580000)
  object space 204288K, 99% used [0x0000000080000000,0x000000008c711e80,0x000000008c780000)
 Metaspace       used 71300K, committed 72960K, reserved 1179648K
  class space    used 7211K, committed 7936K, reserved 1048576K
}
Event: 248.271 GC heap before
{Heap before GC invocations=343 (full 4):
 PSYoungGen      total 4096K, used 3968K [0x00000000d5580000, 0x00000000d5b00000, 0x0000000100000000)
  eden space 3584K, 100% used [0x00000000d5580000,0x00000000d5900000,0x00000000d5900000)
  from space 512K, 75% used [0x00000000d5a80000,0x00000000d5ae0000,0x00000000d5b00000)
  to   space 512K, 0% used [0x00000000d5a00000,0x00000000d5a00000,0x00000000d5a80000)
 ParOldGen       total 204288K, used 203847K [0x0000000080000000, 0x000000008c780000, 0x00000000d5580000)
  object space 204288K, 99% used [0x0000000080000000,0x000000008c711e80,0x000000008c780000)
 Metaspace       used 71300K, committed 72960K, reserved 1179648K
  class space    used 7211K, committed 7936K, reserved 1048576K
}
Event: 248.273 GC heap after
{Heap after GC invocations=343 (full 4):
 PSYoungGen      total 4096K, used 416K [0x00000000d5580000, 0x00000000d5b00000, 0x0000000100000000)
  eden space 3584K, 0% used [0x00000000d5580000,0x00000000d5580000,0x00000000d5900000)
  from space 512K, 81% used [0x00000000d5a00000,0x00000000d5a68000,0x00000000d5a80000)
  to   space 512K, 0% used [0x00000000d5a80000,0x00000000d5a80000,0x00000000d5b00000)
 ParOldGen       total 204288K, used 204199K [0x0000000080000000, 0x000000008c780000, 0x00000000d5580000)
  object space 204288K, 99% used [0x0000000080000000,0x000000008c769e80,0x000000008c780000)
 Metaspace       used 71300K, committed 72960K, reserved 1179648K
  class space    used 7211K, committed 7936K, reserved 1048576K
}
Event: 248.290 GC heap before
{Heap before GC invocations=344 (full 4):
 PSYoungGen      total 4096K, used 4000K [0x00000000d5580000, 0x00000000d5b00000, 0x0000000100000000)
  eden space 3584K, 100% used [0x00000000d5580000,0x00000000d5900000,0x00000000d5900000)
  from space 512K, 81% used [0x00000000d5a00000,0x00000000d5a68000,0x00000000d5a80000)
  to   space 512K, 0% used [0x00000000d5a80000,0x00000000d5a80000,0x00000000d5b00000)
 ParOldGen       total 204288K, used 204199K [0x0000000080000000, 0x000000008c780000, 0x00000000d5580000)
  object space 204288K, 99% used [0x0000000080000000,0x000000008c769e80,0x000000008c780000)
 Metaspace       used 71300K, committed 72960K, reserved 1179648K
  class space    used 7211K, committed 7936K, reserved 1048576K
}
Event: 248.292 GC heap after
{Heap after GC invocations=344 (full 4):
 PSYoungGen      total 4096K, used 352K [0x00000000d5580000, 0x00000000d5b00000, 0x0000000100000000)
  eden space 3584K, 0% used [0x00000000d5580000,0x00000000d5580000,0x00000000d5900000)
  from space 512K, 68% used [0x00000000d5a80000,0x00000000d5ad8000,0x00000000d5b00000)
  to   space 512K, 0% used [0x00000000d5a00000,0x00000000d5a00000,0x00000000d5a80000)
 ParOldGen       total 204800K, used 204583K [0x0000000080000000, 0x000000008c800000, 0x00000000d5580000)
  object space 204800K, 99% used [0x0000000080000000,0x000000008c7c9e80,0x000000008c800000)
 Metaspace       used 71300K, committed 72960K, reserved 1179648K
  class space    used 7211K, committed 7936K, reserved 1048576K
}
Event: 248.375 GC heap before
{Heap before GC invocations=345 (full 4):
 PSYoungGen      total 4096K, used 3936K [0x00000000d5580000, 0x00000000d5b00000, 0x0000000100000000)
  eden space 3584K, 100% used [0x00000000d5580000,0x00000000d5900000,0x00000000d5900000)
  from space 512K, 68% used [0x00000000d5a80000,0x00000000d5ad8000,0x00000000d5b00000)
  to   space 512K, 0% used [0x00000000d5a00000,0x00000000d5a00000,0x00000000d5a80000)
 ParOldGen       total 204800K, used 204583K [0x0000000080000000, 0x000000008c800000, 0x00000000d5580000)
  object space 204800K, 99% used [0x0000000080000000,0x000000008c7c9e80,0x000000008c800000)
 Metaspace       used 71306K, committed 72960K, reserved 1179648K
  class space    used 7211K, committed 7936K, reserved 1048576K
}
Event: 248.376 GC heap after
{Heap after GC invocations=345 (full 4):
 PSYoungGen      total 4096K, used 352K [0x00000000d5580000, 0x00000000d5b00000, 0x0000000100000000)
  eden space 3584K, 0% used [0x00000000d5580000,0x00000000d5580000,0x00000000d5900000)
  from space 512K, 68% used [0x00000000d5a00000,0x00000000d5a58000,0x00000000d5a80000)
  to   space 512K, 0% used [0x00000000d5a80000,0x00000000d5a80000,0x00000000d5b00000)
 ParOldGen       total 205312K, used 204903K [0x0000000080000000, 0x000000008c880000, 0x00000000d5580000)
  object space 205312K, 99% used [0x0000000080000000,0x000000008c819e80,0x000000008c880000)
 Metaspace       used 71306K, committed 72960K, reserved 1179648K
  class space    used 7211K, committed 7936K, reserved 1048576K
}
Event: 248.404 GC heap before
{Heap before GC invocations=346 (full 4):
 PSYoungGen      total 4096K, used 3936K [0x00000000d5580000, 0x00000000d5b00000, 0x0000000100000000)
  eden space 3584K, 100% used [0x00000000d5580000,0x00000000d5900000,0x00000000d5900000)
  from space 512K, 68% used [0x00000000d5a00000,0x00000000d5a58000,0x00000000d5a80000)
  to   space 512K, 0% used [0x00000000d5a80000,0x00000000d5a80000,0x00000000d5b00000)
 ParOldGen       total 205312K, used 204903K [0x0000000080000000, 0x000000008c880000, 0x00000000d5580000)
  object space 205312K, 99% used [0x0000000080000000,0x000000008c819e80,0x000000008c880000)
 Metaspace       used 71306K, committed 72960K, reserved 1179648K
  class space    used 7211K, committed 7936K, reserved 1048576K
}
Event: 248.406 GC heap after
{Heap after GC invocations=346 (full 4):
 PSYoungGen      total 4096K, used 320K [0x00000000d5580000, 0x00000000d5b00000, 0x0000000100000000)
  eden space 3584K, 0% used [0x00000000d5580000,0x00000000d5580000,0x00000000d5900000)
  from space 512K, 62% used [0x00000000d5a80000,0x00000000d5ad0000,0x00000000d5b00000)
  to   space 512K, 0% used [0x00000000d5a00000,0x00000000d5a00000,0x00000000d5a80000)
 ParOldGen       total 205824K, used 205663K [0x0000000080000000, 0x000000008c900000, 0x00000000d5580000)
  object space 205824K, 99% used [0x0000000080000000,0x000000008c8d7e88,0x000000008c900000)
 Metaspace       used 71306K, committed 72960K, reserved 1179648K
  class space    used 7211K, committed 7936K, reserved 1048576K
}
Event: 248.472 GC heap before
{Heap before GC invocations=347 (full 4):
 PSYoungGen      total 4096K, used 3904K [0x00000000d5580000, 0x00000000d5b00000, 0x0000000100000000)
  eden space 3584K, 100% used [0x00000000d5580000,0x00000000d5900000,0x00000000d5900000)
  from space 512K, 62% used [0x00000000d5a80000,0x00000000d5ad0000,0x00000000d5b00000)
  to   space 512K, 0% used [0x00000000d5a00000,0x00000000d5a00000,0x00000000d5a80000)
 ParOldGen       total 205824K, used 205663K [0x0000000080000000, 0x000000008c900000, 0x00000000d5580000)
  object space 205824K, 99% used [0x0000000080000000,0x000000008c8d7e88,0x000000008c900000)
 Metaspace       used 71307K, committed 72960K, reserved 1179648K
  class space    used 7211K, committed 7936K, reserved 1048576K
}
Event: 248.474 GC heap after
{Heap after GC invocations=347 (full 4):
 PSYoungGen      total 4096K, used 352K [0x00000000d5580000, 0x00000000d5b00000, 0x0000000100000000)
  eden space 3584K, 0% used [0x00000000d5580000,0x00000000d5580000,0x00000000d5900000)
  from space 512K, 68% used [0x00000000d5a00000,0x00000000d5a58000,0x00000000d5a80000)
  to   space 512K, 0% used [0x00000000d5a80000,0x00000000d5a80000,0x00000000d5b00000)
 ParOldGen       total 206336K, used 205959K [0x0000000080000000, 0x000000008c980000, 0x00000000d5580000)
  object space 206336K, 99% used [0x0000000080000000,0x000000008c921e88,0x000000008c980000)
 Metaspace       used 71307K, committed 72960K, reserved 1179648K
  class space    used 7211K, committed 7936K, reserved 1048576K
}
Event: 248.492 GC heap before
{Heap before GC invocations=348 (full 4):
 PSYoungGen      total 4096K, used 3927K [0x00000000d5580000, 0x00000000d5b00000, 0x0000000100000000)
  eden space 3584K, 99% used [0x00000000d5580000,0x00000000d58fdd10,0x00000000d5900000)
  from space 512K, 68% used [0x00000000d5a00000,0x00000000d5a58000,0x00000000d5a80000)
  to   space 512K, 0% used [0x00000000d5a80000,0x00000000d5a80000,0x00000000d5b00000)
 ParOldGen       total 206336K, used 205959K [0x0000000080000000, 0x000000008c980000, 0x00000000d5580000)
  object space 206336K, 99% used [0x0000000080000000,0x000000008c921e88,0x000000008c980000)
 Metaspace       used 71307K, committed 72960K, reserved 1179648K
  class space    used 7211K, committed 7936K, reserved 1048576K
}
Event: 248.494 GC heap after
{Heap after GC invocations=348 (full 4):
 PSYoungGen      total 4096K, used 477K [0x00000000d5580000, 0x00000000d5b00000, 0x0000000100000000)
  eden space 3584K, 0% used [0x00000000d5580000,0x00000000d5580000,0x00000000d5900000)
  from space 512K, 93% used [0x00000000d5a80000,0x00000000d5af7460,0x00000000d5b00000)
  to   space 512K, 0% used [0x00000000d5a00000,0x00000000d5a00000,0x00000000d5a80000)
 ParOldGen       total 206336K, used 206255K [0x0000000080000000, 0x000000008c980000, 0x00000000d5580000)
  object space 206336K, 99% used [0x0000000080000000,0x000000008c96be88,0x000000008c980000)
 Metaspace       used 71307K, committed 72960K, reserved 1179648K
  class space    used 7211K, committed 7936K, reserved 1048576K
}
Event: 248.579 GC heap before
{Heap before GC invocations=349 (full 4):
 PSYoungGen      total 4096K, used 4057K [0x00000000d5580000, 0x00000000d5b00000, 0x0000000100000000)
  eden space 3584K, 99% used [0x00000000d5580000,0x00000000d58ff288,0x00000000d5900000)
  from space 512K, 93% used [0x00000000d5a80000,0x00000000d5af7460,0x00000000d5b00000)
  to   space 512K, 0% used [0x00000000d5a00000,0x00000000d5a00000,0x00000000d5a80000)
 ParOldGen       total 206336K, used 206255K [0x0000000080000000, 0x000000008c980000, 0x00000000d5580000)
  object space 206336K, 99% used [0x0000000080000000,0x000000008c96be88,0x000000008c980000)
 Metaspace       used 71307K, committed 72960K, reserved 1179648K
  class space    used 7211K, committed 7936K, reserved 1048576K
}
Event: 248.582 GC heap after
{Heap after GC invocations=349 (full 4):
 PSYoungGen      total 4096K, used 476K [0x00000000d5580000, 0x00000000d5b00000, 0x0000000100000000)
  eden space 3584K, 0% used [0x00000000d5580000,0x00000000d5580000,0x00000000d5900000)
  from space 512K, 92% used [0x00000000d5a00000,0x00000000d5a77010,0x00000000d5a80000)
  to   space 512K, 0% used [0x00000000d5a80000,0x00000000d5a80000,0x00000000d5b00000)
 ParOldGen       total 206848K, used 206591K [0x0000000080000000, 0x000000008ca00000, 0x00000000d5580000)
  object space 206848K, 99% used [0x0000000080000000,0x000000008c9bfe88,0x000000008ca00000)
 Metaspace       used 71307K, committed 72960K, reserved 1179648K
  class space    used 7211K, committed 7936K, reserved 1048576K
}
Event: 248.691 GC heap before
{Heap before GC invocations=350 (full 4):
 PSYoungGen      total 4096K, used 4060K [0x00000000d5580000, 0x00000000d5b00000, 0x0000000100000000)
  eden space 3584K, 100% used [0x00000000d5580000,0x00000000d5900000,0x00000000d5900000)
  from space 512K, 92% used [0x00000000d5a00000,0x00000000d5a77010,0x00000000d5a80000)
  to   space 512K, 0% used [0x00000000d5a80000,0x00000000d5a80000,0x00000000d5b00000)
 ParOldGen       total 206848K, used 206591K [0x0000000080000000, 0x000000008ca00000, 0x00000000d5580000)
  object space 206848K, 99% used [0x0000000080000000,0x000000008c9bfe88,0x000000008ca00000)
 Metaspace       used 71307K, committed 72960K, reserved 1179648K
  class space    used 7211K, committed 7936K, reserved 1048576K
}
Event: 248.694 GC heap after
{Heap after GC invocations=350 (full 4):
 PSYoungGen      total 3072K, used 511K [0x00000000d5580000, 0x00000000d5e00000, 0x0000000100000000)
  eden space 2560K, 0% used [0x00000000d5580000,0x00000000d5580000,0x00000000d5800000)
  from space 512K, 99% used [0x00000000d5a80000,0x00000000d5affd00,0x00000000d5b00000)
  to   space 2560K, 0% used [0x00000000d5800000,0x00000000d5800000,0x00000000d5a80000)
 ParOldGen       total 208384K, used 208325K [0x0000000080000000, 0x000000008cb80000, 0x00000000d5580000)
  object space 208384K, 99% used [0x0000000080000000,0x000000008cb715e8,0x000000008cb80000)
 Metaspace       used 71307K, committed 72960K, reserved 1179648K
  class space    used 7211K, committed 7936K, reserved 1048576K
}
Event: 248.771 GC heap before
{Heap before GC invocations=351 (full 4):
 PSYoungGen      total 3072K, used 3071K [0x00000000d5580000, 0x00000000d5e00000, 0x0000000100000000)
  eden space 2560K, 100% used [0x00000000d5580000,0x00000000d5800000,0x00000000d5800000)
  from space 512K, 99% used [0x00000000d5a80000,0x00000000d5affd00,0x00000000d5b00000)
  to   space 2560K, 0% used [0x00000000d5800000,0x00000000d5800000,0x00000000d5a80000)
 ParOldGen       total 208384K, used 208325K [0x0000000080000000, 0x000000008cb80000, 0x00000000d5580000)
  object space 208384K, 99% used [0x0000000080000000,0x000000008cb715e8,0x000000008cb80000)
 Metaspace       used 71307K, committed 72960K, reserved 1179648K
  class space    used 7211K, committed 7936K, reserved 1048576K
}
Event: 248.774 GC heap after
{Heap after GC invocations=351 (full 4):
 PSYoungGen      total 5120K, used 2273K [0x00000000d5580000, 0x00000000d5d00000, 0x0000000100000000)
  eden space 2560K, 0% used [0x00000000d5580000,0x00000000d5580000,0x00000000d5800000)
  from space 2560K, 88% used [0x00000000d5800000,0x00000000d5a385a0,0x00000000d5a80000)
  to   space 2560K, 0% used [0x00000000d5a80000,0x00000000d5a80000,0x00000000d5d00000)
 ParOldGen       total 208896K, used 208683K [0x0000000080000000, 0x000000008cc00000, 0x00000000d5580000)
  object space 208896K, 99% used [0x0000000080000000,0x000000008cbcad40,0x000000008cc00000)
 Metaspace       used 71307K, committed 72960K, reserved 1179648K
  class space    used 7211K, committed 7936K, reserved 1048576K
}

