# JRE version: OpenJDK Runtime Environment Temurin-21.0.8+9 (21.0.8+9) (build 21.0.8+9-LTS)
# Java VM: OpenJDK 64-Bit Server VM Temurin-21.0.8+9 (21.0.8+9-LTS, mixed mode, sharing, tiered, compressed oops, compressed class ptrs, parallel gc, windows-amd64)
GC Precious Log:
 CardTable entry size: 512
 CPUs: 4 total, 4 available
 Memory: 8079M
 Large Page Support: Disabled
 NUMA Support: Disabled
 Compressed Oops: Enabled (32-bit)
 Alignments: Space 512K, Generation 512K, Heap 2M
 Heap Min Capacity: 100M
 Heap Initial Capacity: 100M
 Heap Max Capacity: 2G
 Pre-touch: Disabled
 Parallel Workers: 4
Heap:
 PSYoungGen      total 2048K, used 1461K [0x00000000d5580000, 0x00000000d5880000, 0x0000000100000000)
  eden space 1536K, 81% used [0x00000000d5580000,0x00000000d56b9550,0x00000000d5700000)
  from space 512K, 40% used [0x00000000d5800000,0x00000000d5834010,0x00000000d5880000)
  to   space 512K, 0% used [0x00000000d5780000,0x00000000d5780000,0x00000000d5800000)
 ParOldGen       total 333824K, used 333742K [0x0000000080000000, 0x0000000094600000, 0x00000000d5580000)
  object space 333824K, 99% used [0x0000000080000000,0x00000000945eba40,0x0000000094600000)
 Metaspace       used 72233K, committed 73920K, reserved 1179648K
  class space    used 7399K, committed 8128K, reserved 1048576K
GC Heap History (20 events):
Event: 118.770 GC heap before
{Heap before GC invocations=456 (full 3):
 PSYoungGen      total 2048K, used 1792K [0x00000000d5580000, 0x00000000d5880000, 0x0000000100000000)
  eden space 1536K, 100% used [0x00000000d5580000,0x00000000d5700000,0x00000000d5700000)
  from space 512K, 50% used [0x00000000d5800000,0x00000000d5840000,0x00000000d5880000)
  to   space 512K, 0% used [0x00000000d5780000,0x00000000d5780000,0x00000000d5800000)
 ParOldGen       total 332288K, used 331983K [0x0000000080000000, 0x0000000094480000, 0x00000000d5580000)
  object space 332288K, 99% used [0x0000000080000000,0x0000000094433c58,0x0000000094480000)
 Metaspace       used 71200K, committed 72832K, reserved 1114112K
  class space    used 7322K, committed 8064K, reserved 1048576K
}
Event: 118.773 GC heap after
{Heap after GC invocations=456 (full 3):
 PSYoungGen      total 2048K, used 288K [0x00000000d5580000, 0x00000000d5880000, 0x0000000100000000)
  eden space 1536K, 0% used [0x00000000d5580000,0x00000000d5580000,0x00000000d5700000)
  from space 512K, 56% used [0x00000000d5780000,0x00000000d57c8000,0x00000000d5800000)
  to   space 512K, 0% used [0x00000000d5800000,0x00000000d5800000,0x00000000d5880000)
 ParOldGen       total 332288K, used 332183K [0x0000000080000000, 0x0000000094480000, 0x00000000d5580000)
  object space 332288K, 99% used [0x0000000080000000,0x0000000094465c58,0x0000000094480000)
 Metaspace       used 71200K, committed 72832K, reserved 1114112K
  class space    used 7322K, committed 8064K, reserved 1048576K
}
Event: 118.825 GC heap before
{Heap before GC invocations=457 (full 3):
 PSYoungGen      total 2048K, used 1824K [0x00000000d5580000, 0x00000000d5880000, 0x0000000100000000)
  eden space 1536K, 100% used [0x00000000d5580000,0x00000000d5700000,0x00000000d5700000)
  from space 512K, 56% used [0x00000000d5780000,0x00000000d57c8000,0x00000000d5800000)
  to   space 512K, 0% used [0x00000000d5800000,0x00000000d5800000,0x00000000d5880000)
 ParOldGen       total 332288K, used 332183K [0x0000000080000000, 0x0000000094480000, 0x00000000d5580000)
  object space 332288K, 99% used [0x0000000080000000,0x0000000094465c58,0x0000000094480000)
 Metaspace       used 71222K, committed 72832K, reserved 1114112K
  class space    used 7322K, committed 8064K, reserved 1048576K
}
Event: 118.830 GC heap after
{Heap after GC invocations=457 (full 3):
 PSYoungGen      total 2048K, used 342K [0x00000000d5580000, 0x00000000d5880000, 0x0000000100000000)
  eden space 1536K, 0% used [0x00000000d5580000,0x00000000d5580000,0x00000000d5700000)
  from space 512K, 66% used [0x00000000d5800000,0x00000000d5855ac0,0x00000000d5880000)
  to   space 512K, 0% used [0x00000000d5780000,0x00000000d5780000,0x00000000d5800000)
 ParOldGen       total 332800K, used 332423K [0x0000000080000000, 0x0000000094500000, 0x00000000d5580000)
  object space 332800K, 99% used [0x0000000080000000,0x00000000944a1c58,0x0000000094500000)
 Metaspace       used 71222K, committed 72832K, reserved 1114112K
  class space    used 7322K, committed 8064K, reserved 1048576K
}
Event: 118.918 GC heap before
{Heap before GC invocations=458 (full 3):
 PSYoungGen      total 2048K, used 1878K [0x00000000d5580000, 0x00000000d5880000, 0x0000000100000000)
  eden space 1536K, 100% used [0x00000000d5580000,0x00000000d5700000,0x00000000d5700000)
  from space 512K, 66% used [0x00000000d5800000,0x00000000d5855ac0,0x00000000d5880000)
  to   space 512K, 0% used [0x00000000d5780000,0x00000000d5780000,0x00000000d5800000)
 ParOldGen       total 332800K, used 332423K [0x0000000080000000, 0x0000000094500000, 0x00000000d5580000)
  object space 332800K, 99% used [0x0000000080000000,0x00000000944a1c58,0x0000000094500000)
 Metaspace       used 71228K, committed 72896K, reserved 1114112K
  class space    used 7322K, committed 8064K, reserved 1048576K
}
Event: 118.921 GC heap after
{Heap after GC invocations=458 (full 3):
 PSYoungGen      total 2048K, used 288K [0x00000000d5580000, 0x00000000d5880000, 0x0000000100000000)
  eden space 1536K, 0% used [0x00000000d5580000,0x00000000d5580000,0x00000000d5700000)
  from space 512K, 56% used [0x00000000d5780000,0x00000000d57c8000,0x00000000d5800000)
  to   space 512K, 0% used [0x00000000d5800000,0x00000000d5800000,0x00000000d5880000)
 ParOldGen       total 332800K, used 332677K [0x0000000080000000, 0x0000000094500000, 0x00000000d5580000)
  object space 332800K, 99% used [0x0000000080000000,0x00000000944e1728,0x0000000094500000)
 Metaspace       used 71228K, committed 72896K, reserved 1114112K
  class space    used 7322K, committed 8064K, reserved 1048576K
}
Event: 118.972 GC heap before
{Heap before GC invocations=459 (full 3):
 PSYoungGen      total 2048K, used 1824K [0x00000000d5580000, 0x00000000d5880000, 0x0000000100000000)
  eden space 1536K, 100% used [0x00000000d5580000,0x00000000d5700000,0x00000000d5700000)
  from space 512K, 56% used [0x00000000d5780000,0x00000000d57c8000,0x00000000d5800000)
  to   space 512K, 0% used [0x00000000d5800000,0x00000000d5800000,0x00000000d5880000)
 ParOldGen       total 332800K, used 332677K [0x0000000080000000, 0x0000000094500000, 0x00000000d5580000)
  object space 332800K, 99% used [0x0000000080000000,0x00000000944e1728,0x0000000094500000)
 Metaspace       used 71229K, committed 72896K, reserved 1114112K
  class space    used 7322K, committed 8064K, reserved 1048576K
}
Event: 118.975 GC heap after
{Heap after GC invocations=459 (full 3):
 PSYoungGen      total 2048K, used 333K [0x00000000d5580000, 0x00000000d5880000, 0x0000000100000000)
  eden space 1536K, 0% used [0x00000000d5580000,0x00000000d5580000,0x00000000d5700000)
  from space 512K, 65% used [0x00000000d5800000,0x00000000d58535c0,0x00000000d5880000)
  to   space 512K, 0% used [0x00000000d5780000,0x00000000d5780000,0x00000000d5800000)
 ParOldGen       total 333312K, used 332917K [0x0000000080000000, 0x0000000094580000, 0x00000000d5580000)
  object space 333312K, 99% used [0x0000000080000000,0x000000009451d738,0x0000000094580000)
 Metaspace       used 71229K, committed 72896K, reserved 1114112K
  class space    used 7322K, committed 8064K, reserved 1048576K
}
Event: 119.105 GC heap before
{Heap before GC invocations=460 (full 3):
 PSYoungGen      total 2048K, used 1869K [0x00000000d5580000, 0x00000000d5880000, 0x0000000100000000)
  eden space 1536K, 100% used [0x00000000d5580000,0x00000000d5700000,0x00000000d5700000)
  from space 512K, 65% used [0x00000000d5800000,0x00000000d58535c0,0x00000000d5880000)
  to   space 512K, 0% used [0x00000000d5780000,0x00000000d5780000,0x00000000d5800000)
 ParOldGen       total 333312K, used 332917K [0x0000000080000000, 0x0000000094580000, 0x00000000d5580000)
  object space 333312K, 99% used [0x0000000080000000,0x000000009451d738,0x0000000094580000)
 Metaspace       used 71247K, committed 72896K, reserved 1114112K
  class space    used 7322K, committed 8064K, reserved 1048576K
}
Event: 119.108 GC heap after
{Heap after GC invocations=460 (full 3):
 PSYoungGen      total 2048K, used 352K [0x00000000d5580000, 0x00000000d5880000, 0x0000000100000000)
  eden space 1536K, 0% used [0x00000000d5580000,0x00000000d5580000,0x00000000d5700000)
  from space 512K, 68% used [0x00000000d5780000,0x00000000d57d8000,0x00000000d5800000)
  to   space 512K, 0% used [0x00000000d5800000,0x00000000d5800000,0x00000000d5880000)
 ParOldGen       total 333312K, used 333179K [0x0000000080000000, 0x0000000094580000, 0x00000000d5580000)
  object space 333312K, 99% used [0x0000000080000000,0x000000009455ecf8,0x0000000094580000)
 Metaspace       used 71247K, committed 72896K, reserved 1114112K
  class space    used 7322K, committed 8064K, reserved 1048576K
}
Event: 124.248 GC heap before
{Heap before GC invocations=461 (full 3):
 PSYoungGen      total 2048K, used 1887K [0x00000000d5580000, 0x00000000d5880000, 0x0000000100000000)
  eden space 1536K, 99% used [0x00000000d5580000,0x00000000d56ffef0,0x00000000d5700000)
  from space 512K, 68% used [0x00000000d5780000,0x00000000d57d8000,0x00000000d5800000)
  to   space 512K, 0% used [0x00000000d5800000,0x00000000d5800000,0x00000000d5880000)
 ParOldGen       total 333312K, used 333179K [0x0000000080000000, 0x0000000094580000, 0x00000000d5580000)
  object space 333312K, 99% used [0x0000000080000000,0x000000009455ecf8,0x0000000094580000)
 Metaspace       used 71275K, committed 72960K, reserved 1114112K
  class space    used 7325K, committed 8064K, reserved 1048576K
}
Event: 124.252 GC heap after
{Heap after GC invocations=461 (full 3):
 PSYoungGen      total 2048K, used 353K [0x00000000d5580000, 0x00000000d5880000, 0x0000000100000000)
  eden space 1536K, 0% used [0x00000000d5580000,0x00000000d5580000,0x00000000d5700000)
  from space 512K, 69% used [0x00000000d5800000,0x00000000d5858700,0x00000000d5880000)
  to   space 512K, 0% used [0x00000000d5780000,0x00000000d5780000,0x00000000d5800000)
 ParOldGen       total 333824K, used 333363K [0x0000000080000000, 0x0000000094600000, 0x00000000d5580000)
  object space 333824K, 99% used [0x0000000080000000,0x000000009458ccf8,0x0000000094600000)
 Metaspace       used 71275K, committed 72960K, reserved 1114112K
  class space    used 7325K, committed 8064K, reserved 1048576K
}
Event: 124.323 GC heap before
{Heap before GC invocations=462 (full 3):
 PSYoungGen      total 2048K, used 1851K [0x00000000d5580000, 0x00000000d5880000, 0x0000000100000000)
  eden space 1536K, 97% used [0x00000000d5580000,0x00000000d56f68b8,0x00000000d5700000)
  from space 512K, 69% used [0x00000000d5800000,0x00000000d5858700,0x00000000d5880000)
  to   space 512K, 0% used [0x00000000d5780000,0x00000000d5780000,0x00000000d5800000)
 ParOldGen       total 333824K, used 333363K [0x0000000080000000, 0x0000000094600000, 0x00000000d5580000)
  object space 333824K, 99% used [0x0000000080000000,0x000000009458ccf8,0x0000000094600000)
 Metaspace       used 71474K, committed 73152K, reserved 1114112K
  class space    used 7340K, committed 8064K, reserved 1048576K
}
Event: 124.327 GC heap after
{Heap after GC invocations=462 (full 3):
 PSYoungGen      total 2048K, used 155K [0x00000000d5580000, 0x00000000d5880000, 0x0000000100000000)
  eden space 1536K, 0% used [0x00000000d5580000,0x00000000d5580000,0x00000000d5700000)
  from space 512K, 30% used [0x00000000d5780000,0x00000000d57a6e58,0x00000000d5800000)
  to   space 512K, 0% used [0x00000000d5800000,0x00000000d5800000,0x00000000d5880000)
 ParOldGen       total 333824K, used 333601K [0x0000000080000000, 0x0000000094600000, 0x00000000d5580000)
  object space 333824K, 99% used [0x0000000080000000,0x00000000945c87b8,0x0000000094600000)
 Metaspace       used 71474K, committed 73152K, reserved 1114112K
  class space    used 7340K, committed 8064K, reserved 1048576K
}
Event: 124.421 GC heap before
{Heap before GC invocations=463 (full 3):
 PSYoungGen      total 2048K, used 1678K [0x00000000d5580000, 0x00000000d5880000, 0x0000000100000000)
  eden space 1536K, 99% used [0x00000000d5580000,0x00000000d56fc9b8,0x00000000d5700000)
  from space 512K, 30% used [0x00000000d5780000,0x00000000d57a6e58,0x00000000d5800000)
  to   space 512K, 0% used [0x00000000d5800000,0x00000000d5800000,0x00000000d5880000)
 ParOldGen       total 333824K, used 333601K [0x0000000080000000, 0x0000000094600000, 0x00000000d5580000)
  object space 333824K, 99% used [0x0000000080000000,0x00000000945c87b8,0x0000000094600000)
 Metaspace       used 71739K, committed 73408K, reserved 1114112K
  class space    used 7364K, committed 8064K, reserved 1048576K
}
Event: 124.423 GC heap after
{Heap after GC invocations=463 (full 3):
 PSYoungGen      total 2048K, used 158K [0x00000000d5580000, 0x00000000d5880000, 0x0000000100000000)
  eden space 1536K, 0% used [0x00000000d5580000,0x00000000d5580000,0x00000000d5700000)
  from space 512K, 30% used [0x00000000d5800000,0x00000000d5827990,0x00000000d5880000)
  to   space 512K, 0% used [0x00000000d5780000,0x00000000d5780000,0x00000000d5800000)
 ParOldGen       total 333824K, used 333641K [0x0000000080000000, 0x0000000094600000, 0x00000000d5580000)
  object space 333824K, 99% used [0x0000000080000000,0x00000000945d27b8,0x0000000094600000)
 Metaspace       used 71739K, committed 73408K, reserved 1114112K
  class space    used 7364K, committed 8064K, reserved 1048576K
}
Event: 124.475 GC heap before
{Heap before GC invocations=464 (full 3):
 PSYoungGen      total 2048K, used 1694K [0x00000000d5580000, 0x00000000d5880000, 0x0000000100000000)
  eden space 1536K, 100% used [0x00000000d5580000,0x00000000d5700000,0x00000000d5700000)
  from space 512K, 30% used [0x00000000d5800000,0x00000000d5827990,0x00000000d5880000)
  to   space 512K, 0% used [0x00000000d5780000,0x00000000d5780000,0x00000000d5800000)
 ParOldGen       total 333824K, used 333641K [0x0000000080000000, 0x0000000094600000, 0x00000000d5580000)
  object space 333824K, 99% used [0x0000000080000000,0x00000000945d27b8,0x0000000094600000)
 Metaspace       used 71873K, committed 73600K, reserved 1114112K
  class space    used 7385K, committed 8128K, reserved 1048576K
}
Event: 124.478 GC heap after
{Heap after GC invocations=464 (full 3):
 PSYoungGen      total 2048K, used 160K [0x00000000d5580000, 0x00000000d5880000, 0x0000000100000000)
  eden space 1536K, 0% used [0x00000000d5580000,0x00000000d5580000,0x00000000d5700000)
  from space 512K, 31% used [0x00000000d5780000,0x00000000d57a8000,0x00000000d5800000)
  to   space 512K, 0% used [0x00000000d5800000,0x00000000d5800000,0x00000000d5880000)
 ParOldGen       total 333824K, used 333665K [0x0000000080000000, 0x0000000094600000, 0x00000000d5580000)
  object space 333824K, 99% used [0x0000000080000000,0x00000000945d87b8,0x0000000094600000)
 Metaspace       used 71873K, committed 73600K, reserved 1114112K
  class space    used 7385K, committed 8128K, reserved 1048576K
}
Event: 124.603 GC heap before
{Heap before GC invocations=465 (full 3):
 PSYoungGen      total 2048K, used 1696K [0x00000000d5580000, 0x00000000d5880000, 0x0000000100000000)
  eden space 1536K, 100% used [0x00000000d5580000,0x00000000d5700000,0x00000000d5700000)
  from space 512K, 31% used [0x00000000d5780000,0x00000000d57a8000,0x00000000d5800000)
  to   space 512K, 0% used [0x00000000d5800000,0x00000000d5800000,0x00000000d5880000)
 ParOldGen       total 333824K, used 333665K [0x0000000080000000, 0x0000000094600000, 0x00000000d5580000)
  object space 333824K, 99% used [0x0000000080000000,0x00000000945d87b8,0x0000000094600000)
 Metaspace       used 72082K, committed 73728K, reserved 1179648K
  class space    used 7396K, committed 8128K, reserved 1048576K
}
Event: 124.612 GC heap after
{Heap after GC invocations=465 (full 3):
 PSYoungGen      total 2048K, used 208K [0x00000000d5580000, 0x00000000d5880000, 0x0000000100000000)
  eden space 1536K, 0% used [0x00000000d5580000,0x00000000d5580000,0x00000000d5700000)
  from space 512K, 40% used [0x00000000d5800000,0x00000000d5834010,0x00000000d5880000)
  to   space 512K, 0% used [0x00000000d5780000,0x00000000d5780000,0x00000000d5800000)
 ParOldGen       total 333824K, used 333742K [0x0000000080000000, 0x0000000094600000, 0x00000000d5580000)
  object space 333824K, 99% used [0x0000000080000000,0x00000000945eba40,0x0000000094600000)
 Metaspace       used 72082K, committed 73728K, reserved 1179648K
  class space    used 7396K, committed 8128K, reserved 1048576K
}

